<?xml version="1.0" encoding="UTF-8"?>
<testng-results skipped="0" failed="0" total="1" passed="1">
  <reporter-output>
  </reporter-output>
  <suite name="Default suite" duration-ms="19768" started-at="2023-05-14T14:41:37Z" finished-at="2023-05-14T14:41:57Z">
    <groups>
    </groups>
    <test name="Default test" duration-ms="19768" started-at="2023-05-14T14:41:37Z" finished-at="2023-05-14T14:41:57Z">
      <class name="Sample_Code.com.First_Sample_Code">
        <test-method status="PASS" signature="Test_run()[pri:0, instance:Sample_Code.com.First_Sample_Code@63440df3]" name="Test_run" duration-ms="19753" started-at="2023-05-14T20:11:37Z" finished-at="2023-05-14T20:11:57Z">
          <reporter-output>
          </reporter-output>
        </test-method> <!-- Test_run -->
      </class> <!-- Sample_Code.com.First_Sample_Code -->
    </test> <!-- Default test -->
  </suite> <!-- Default suite -->
</testng-results>
